{
  "RSpec": {
    "coverage": {
      "/Users/alexlm/Projects/oyster/oyster/spec/oystercard_spec.rb": {
        "lines": [
          1,
          null,
          1,
          3,
          1,
          1,
          1,
          null,
          null,
          null,
          1,
          2,
          null,
          1,
          4,
          null,
          null,
          null,
          1,
          1,
          1,
          1,
          2,
          null,
          null,
          null,
          1,
          2,
          null,
          1,
          4,
          null,
          null,
          null,
          1,
          1,
          1,
          null,
          null,
          null,
          1,
          2,
          null,
          1,
          1,
          1,
          null,
          null,
          1,
          2,
          null,
          null,
          null,
          1,
          1,
          1,
          1,
          1,
          null,
          null,
          null,
          null,
          null,
          null,
          null,
          null,
          null,
          null,
          null,
          null
        ]
      },
      "/Users/alexlm/Projects/oyster/oyster/lib/oystercard.rb": {
        "lines": [
          1,
          1,
          null,
          1,
          1,
          null,
          1,
          11,
          11,
          null,
          null,
          1,
          3,
          null,
          null,
          1,
          3,
          null,
          2,
          null,
          null,
          1,
          1,
          null,
          null,
          1,
          3,
          null,
          2,
          null,
          null,
          1,
          null,
          null,
          1,
          null,
          null
        ]
      }
    },
    "timestamp": 1604398462
  }
}
