{
  "RSpec": {
    "coverage": {
      "/Users/alexlm/Projects/oyster/oyster/spec/journey_spec.rb": {
        "lines": [
          1,
          null,
          1,
          6,
          3,
          6,
          null,
          1,
          1,
          1,
          null,
          null,
          null,
          1,
          1,
          1,
          null,
          null,
          1,
          1,
          1,
          null,
          null,
          null,
          1,
          1,
          1,
          null,
          null,
          1,
          1,
          1,
          null,
          null,
          null
        ]
      },
      "/Users/alexlm/Projects/oyster/oyster/lib/journey.rb": {
        "lines": [
          1,
          1,
          1,
          1,
          null,
          1,
          13,
          13,
          null,
          null,
          1,
          5,
          null,
          null,
          1,
          7,
          null,
          4,
          null,
          null,
          1,
          null,
          1,
          7,
          null,
          null
        ]
      },
      "/Users/alexlm/Projects/oyster/oyster/spec/oystercard_spec.rb": {
        "lines": [
          null,
          null,
          1,
          null,
          1,
          9,
          9,
          1,
          1,
          1,
          null,
          null,
          null,
          1,
          2,
          null,
          1,
          4,
          null,
          null,
          null,
          1,
          1,
          2,
          null,
          null,
          null,
          1,
          1,
          1,
          null,
          null,
          null,
          1,
          2,
          null,
          1,
          1,
          1,
          null,
          null,
          1,
          1,
          1,
          null,
          null,
          1,
          2,
          null,
          null,
          1,
          1,
          4,
          null,
          null,
          null,
          1,
          1,
          1,
          1,
          1,
          null,
          null,
          null,
          null,
          null,
          null,
          null,
          null,
          null,
          null,
          null,
          1,
          1,
          4,
          null,
          null,
          1,
          1,
          null,
          1,
          1,
          4,
          null,
          null,
          1,
          4,
          null,
          null,
          null
        ]
      },
      "/Users/alexlm/Projects/oyster/oyster/lib/oystercard.rb": {
        "lines": [
          null,
          null,
          1,
          1,
          null,
          1,
          1,
          null,
          1,
          1,
          null,
          1,
          15,
          15,
          15,
          null,
          null,
          1,
          3,
          null,
          null,
          1,
          2,
          null,
          1,
          null,
          null,
          1,
          8,
          8,
          null,
          7,
          null,
          null,
          1,
          4,
          4,
          null,
          null,
          1,
          null,
          1,
          5,
          5,
          null,
          null,
          1,
          5,
          null,
          null,
          1,
          5,
          5,
          null,
          null
        ]
      },
      "/Users/alexlm/Projects/oyster/oyster/lib/station.rb": {
        "lines": [
          1,
          1,
          null,
          1,
          2,
          2,
          null,
          null
        ]
      },
      "/Users/alexlm/Projects/oyster/oyster/spec/station_spec.rb": {
        "lines": [
          1,
          null,
          1,
          3,
          null,
          1,
          1,
          1,
          null,
          null,
          1,
          1,
          null,
          null,
          null
        ]
      }
    },
    "timestamp": 1604653935
  }
}
